********************************************************************************
DUPLICATOR-LITE PACKAGE-LOG: 21.02.2024 15:29
NOTICE: Do NOT post to public sites or forums 
********************************************************************************
VERSION:	1.5.8.1
WORDPRESS:	6.4.3
PHP INFO:	8.1.9 | SAPI: apache2handler
SERVER:		Apache 
PHP TIME LIMIT: (0) no time limit imposed 
PHP MAX MEMORY: 4294967296 (1536M default) 
MEMORY STACK: 58MB

********************************************************************************
DATABASE:
********************************************************************************
BUILD MODE:   MYSQLDUMP
MYSQLTIMEOUT: 5000
MYSQLDUMP:    Is Supported
SQL CREATED: 20240221_d0b1d196d0b1d0bbd196d0bed182d0b_9554e708b42a4f3a9752_20240221152921_database.sql
SQL FILE SIZE: 1.94MB (2031032)
SQL FILE TIME: 2024-02-21 15:30:07
SQL RUNTIME: 10.45 sec.

********************************************************************************
ARCHIVE (ZIP):
********************************************************************************
ARCHIVE DIR:  C:/OSPanel/domains/brezel.college.ks.ua
ARCHIVE FILE: 20240221_d0b1d196d0b1d0bbd196d0bed182d0b_9554e708b42a4f3a9752_20240221152921_archive.zip
FILTERS: *OFF*
DIRS:
	not set
FILES:
	not set
EXTS:  not set
----------------------------------------
COMPRESSING
SIZE:	227.94MB
STATS:	Dirs 1,469 | Files 13,787
SQL ADDED: 20240221_d0b1d196d0b1d0bbd196d0bed182d0b_9554e708b42a4f3a9752_20240221152921_database.sql
ZipArchive Object
(
    [lastId] => 15255
    [status] => 0
    [statusSys] => 0
    [numFiles] => 15256
    [filename] => C:\OSPanel\domains\brezel.college.ks.ua\wp-content\backups-dup-lite\tmp\20240221_d0b1d196d0b1d0bbd196d0bed182d0b_9554e708b42a4f3a9752_20240221152921_archive.zip
    [comment] => 
)

FILE ADDED TO ZIP: 15255
COMPRESSION RESULT: '1'
COMPRESSED SIZE: 125.86MB
ARCHIVE RUNTIME: 32.30 sec.
MEMORY STACK: 62MB
building installer
ARCHIVE CONSISTENCY TEST: PASS

********************************************************************************
INTEGRITY CHECKS:
********************************************************************************
SQL FILE: 1.94MB
INSTALLER FILE: 73.5KB
ARCHIVE FILE: 128.07MB 
EXPECTED FILE/DIRECTORY COUNT: 15,256
ACTUAL FILE/DIRECTORY COUNT: 15,255
ARCHIVE CONSISTENCY TEST: Pass

********************************************************************************
RECORD ID:[1]
TOTAL PROCESS RUNTIME: 45.13 sec.
PEAK PHP MEMORY USED: 64MB
DONE PROCESSING => 20240221_d0b1d196d0b1d0bbd196d0bed182d0b 21.02.2024 15:30

