********************************************************************************
DUPLICATOR-LITE PACKAGE-LOG: 21.02.2024 20:44
NOTICE: Do NOT post to public sites or forums 
********************************************************************************
VERSION:	1.5.8.1
WORDPRESS:	6.4.3
PHP INFO:	8.1.9 | SAPI: apache2handler
SERVER:		Apache 
PHP TIME LIMIT: (0) no time limit imposed 
PHP MAX MEMORY: 4294967296 (1536M default) 
MEMORY STACK: 58MB

********************************************************************************
DATABASE:
********************************************************************************
BUILD MODE:   MYSQLDUMP
MYSQLTIMEOUT: 5000
MYSQLDUMP:    Is Supported
SQL CREATED: 20240221_d0b1d196d0b1d0bbd196d0bed182d0b_8b9f99f5893ffdc38136_20240221204402_database.sql
SQL FILE SIZE: 3.1MB (3253057)
SQL FILE TIME: 2024-02-21 20:44:30
SQL RUNTIME: 14.01 sec.

********************************************************************************
ARCHIVE (ZIP):
********************************************************************************
ARCHIVE DIR:  C:/OSPanel/domains/brezel.college.ks.ua
ARCHIVE FILE: 20240221_d0b1d196d0b1d0bbd196d0bed182d0b_8b9f99f5893ffdc38136_20240221204402_archive.zip
FILTERS: *OFF*
DIRS:
	not set
FILES:
	not set
EXTS:  not set
----------------------------------------
COMPRESSING
SIZE:	385.01MB
STATS:	Dirs 1,469 | Files 13,896
SQL ADDED: 20240221_d0b1d196d0b1d0bbd196d0bed182d0b_8b9f99f5893ffdc38136_20240221204402_database.sql
ZipArchive Object
(
    [lastId] => 15364
    [status] => 0
    [statusSys] => 0
    [numFiles] => 15365
    [filename] => C:\OSPanel\domains\brezel.college.ks.ua\wp-content\backups-dup-lite\tmp\20240221_d0b1d196d0b1d0bbd196d0bed182d0b_8b9f99f5893ffdc38136_20240221204402_archive.zip
    [comment] => 
)

FILE ADDED TO ZIP: 15364
COMPRESSION RESULT: '1'
COMPRESSED SIZE: 278.68MB
ARCHIVE RUNTIME: 33.73 sec.
MEMORY STACK: 62MB
building installer
ARCHIVE CONSISTENCY TEST: PASS

********************************************************************************
INTEGRITY CHECKS:
********************************************************************************
SQL FILE: 3.1MB
INSTALLER FILE: 73.5KB
ARCHIVE FILE: 280.89MB 
EXPECTED FILE/DIRECTORY COUNT: 15,365
ACTUAL FILE/DIRECTORY COUNT: 15,364
ARCHIVE CONSISTENCY TEST: Pass

********************************************************************************
RECORD ID:[2]
TOTAL PROCESS RUNTIME: 50.56 sec.
PEAK PHP MEMORY USED: 66MB
DONE PROCESSING => 20240221_d0b1d196d0b1d0bbd196d0bed182d0b 21.02.2024 20:45

