********************************************************************************
DUPLICATOR-LITE PACKAGE-LOG: 16.02.2024 15:10
NOTICE: Do NOT post to public sites or forums 
********************************************************************************
VERSION:	1.5.8.1
WORDPRESS:	6.4.3
PHP INFO:	8.1.9 | SAPI: apache2handler
SERVER:		Apache 
PHP TIME LIMIT: (0) no time limit imposed 
PHP MAX MEMORY: 4294967296 (1536M default) 
MEMORY STACK: 44MB

********************************************************************************
DATABASE:
********************************************************************************
BUILD MODE:   MYSQLDUMP
MYSQLTIMEOUT: 5000
MYSQLDUMP:    Is Supported
SQL CREATED: 20240216_d181d0b0d0b9d182d0b1d196d0b1d0_895543db4c0c665d9678_20240216151038_database.sql
SQL FILE SIZE: 736.95KB (754635)
SQL FILE TIME: 2024-02-16 15:11:01
SQL RUNTIME: 2.61 sec.

********************************************************************************
ARCHIVE (ZIP):
********************************************************************************
ARCHIVE DIR:  C:/OSPanel/domains/praktikum.college.ks.ua
ARCHIVE FILE: 20240216_d181d0b0d0b9d182d0b1d196d0b1d0_895543db4c0c665d9678_20240216151038_archive.zip
FILTERS: *OFF*
DIRS:
	not set
FILES:
	not set
EXTS:  not set
----------------------------------------
COMPRESSING
SIZE:	78.51MB
STATS:	Dirs 534 | Files 3,955
SQL ADDED: 20240216_d181d0b0d0b9d182d0b1d196d0b1d0_895543db4c0c665d9678_20240216151038_database.sql
ZipArchive Object
(
    [lastId] => 4488
    [status] => 0
    [statusSys] => 0
    [numFiles] => 4489
    [filename] => C:\OSPanel\domains\praktikum.college.ks.ua\wp-content\backups-dup-lite\tmp\20240216_d181d0b0d0b9d182d0b1d196d0b1d0_895543db4c0c665d9678_20240216151038_archive.zip
    [comment] => 
)

FILE ADDED TO ZIP: 4488
COMPRESSION RESULT: '1'
COMPRESSED SIZE: 29.51MB
ARCHIVE RUNTIME: 40.52 sec.
MEMORY STACK: 44MB
building installer
ARCHIVE CONSISTENCY TEST: PASS

********************************************************************************
INTEGRITY CHECKS:
********************************************************************************
SQL FILE: 736.95KB
INSTALLER FILE: 73.5KB
ARCHIVE FILE: 31.35MB 
EXPECTED FILE/DIRECTORY COUNT: 4,489
ACTUAL FILE/DIRECTORY COUNT: 4,488
ARCHIVE CONSISTENCY TEST: Pass

********************************************************************************
RECORD ID:[1]
TOTAL PROCESS RUNTIME: 44.49 sec.
PEAK PHP MEMORY USED: 46MB
DONE PROCESSING => 20240216_d181d0b0d0b9d182d0b1d196d0b1d0 16.02.2024 15:11

